<?xml version="1.0" encoding="UTF-8"?>
<!-- Generated by org.testng.reporters.JUnitReportReporter -->
<testsuite hostname="yadavrahulo4" failures="0" tests="1" name="sm.crm.test.LoginFunctioality" time="19.283" errors="0" timestamp="2024-05-21T14:57:27 IST" skipped="0">
  <testcase classname="sm.crm.test.LoginFunctioality" name="tc_001" time="19.283"/>
</testsuite> <!-- sm.crm.test.LoginFunctioality -->
